{"/home/fernanda/projetosEstudo/apiUsuarios/app.js": {"path":"/home/fernanda/projetosEstudo/apiUsuarios/app.js","statementMap":{"0":{"start":{"line":1,"column":16},"end":{"line":1,"column":34}},"1":{"start":{"line":2,"column":19},"end":{"line":2,"column":41}},"2":{"start":{"line":3,"column":11},"end":{"line":3,"column":26}},"3":{"start":{"line":5,"column":12},"end":{"line":5,"column":21}},"4":{"start":{"line":7,"column":0},"end":{"line":7,"column":27}},"5":{"start":{"line":8,"column":0},"end":{"line":8,"column":15}},"6":{"start":{"line":11,"column":17},"end":{"line":11,"column":44}},"7":{"start":{"line":13,"column":0},"end":{"line":13,"column":35}},"8":{"start":{"line":15,"column":0},"end":{"line":15,"column":20}}},"fnMap":{},"branchMap":{},"s":{"0":1,"1":1,"2":1,"3":1,"4":1,"5":1,"6":1,"7":1,"8":1},"f":{},"b":{},"_coverageSchema":"1a1c01bbd47fc00a2c39e90264f33305004495a9","hash":"de619251eec308ce81674006dad77ef98822cfe0"}
,"/home/fernanda/projetosEstudo/apiUsuarios/db/db.js": {"path":"/home/fernanda/projetosEstudo/apiUsuarios/db/db.js","statementMap":{"0":{"start":{"line":1,"column":30},"end":{"line":1,"column":62}},"1":{"start":{"line":2,"column":17},"end":{"line":2,"column":36}},"2":{"start":{"line":6,"column":18},"end":{"line":6,"column":41}},"3":{"start":{"line":7,"column":4},"end":{"line":7,"column":17}},"4":{"start":{"line":10,"column":15},"end":{"line":10,"column":23}},"5":{"start":{"line":12,"column":0},"end":{"line":28,"column":1}},"6":{"start":{"line":13,"column":4},"end":{"line":13,"column":25}},"7":{"start":{"line":14,"column":16},"end":{"line":14,"column":31}},"8":{"start":{"line":15,"column":4},"end":{"line":25,"column":6}},"9":{"start":{"line":21,"column":6},"end":{"line":21,"column":39}},"10":{"start":{"line":24,"column":6},"end":{"line":24,"column":25}},"11":{"start":{"line":30,"column":0},"end":{"line":34,"column":1}},"12":{"start":{"line":31,"column":4},"end":{"line":31,"column":45}},"13":{"start":{"line":32,"column":4},"end":{"line":32,"column":38}},"14":{"start":{"line":33,"column":4},"end":{"line":33,"column":24}},"15":{"start":{"line":36,"column":0},"end":{"line":42,"column":1}},"16":{"start":{"line":37,"column":23},"end":{"line":37,"column":54}},"17":{"start":{"line":38,"column":4},"end":{"line":41,"column":5}},"18":{"start":{"line":39,"column":26},"end":{"line":39,"column":41}},"19":{"start":{"line":40,"column":8},"end":{"line":40,"column":37}}},"fnMap":{"0":{"name":"create","decl":{"start":{"line":5,"column":9},"end":{"line":5,"column":15}},"loc":{"start":{"line":5,"column":18},"end":{"line":8,"column":1}},"line":5},"1":{"name":"(anonymous_1)","decl":{"start":{"line":12,"column":25},"end":{"line":12,"column":26}},"loc":{"start":{"line":12,"column":37},"end":{"line":28,"column":1}},"line":12},"2":{"name":"(anonymous_2)","decl":{"start":{"line":20,"column":10},"end":{"line":20,"column":11}},"loc":{"start":{"line":20,"column":20},"end":{"line":22,"column":5}},"line":20},"3":{"name":"(anonymous_3)","decl":{"start":{"line":23,"column":11},"end":{"line":23,"column":12}},"loc":{"start":{"line":23,"column":20},"end":{"line":25,"column":5}},"line":23},"4":{"name":"(anonymous_4)","decl":{"start":{"line":30,"column":31},"end":{"line":30,"column":32}},"loc":{"start":{"line":30,"column":43},"end":{"line":34,"column":1}},"line":30},"5":{"name":"(anonymous_5)","decl":{"start":{"line":36,"column":31},"end":{"line":36,"column":32}},"loc":{"start":{"line":36,"column":43},"end":{"line":42,"column":1}},"line":36}},"branchMap":{},"s":{"0":2,"1":2,"2":2,"3":2,"4":2,"5":2,"6":2,"7":2,"8":2,"9":2,"10":0,"11":2,"12":1,"13":1,"14":1,"15":2,"16":14,"17":14,"18":14,"19":14},"f":{"0":2,"1":2,"2":2,"3":0,"4":1,"5":14},"b":{},"_coverageSchema":"1a1c01bbd47fc00a2c39e90264f33305004495a9","hash":"d8285cf38f8dcd588b774cdb3e7d7326e2a504a6"}
,"/home/fernanda/projetosEstudo/apiUsuarios/db/usuario.js": {"path":"/home/fernanda/projetosEstudo/apiUsuarios/db/usuario.js","statementMap":{"0":{"start":{"line":1,"column":16},"end":{"line":1,"column":44}},"1":{"start":{"line":3,"column":0},"end":{"line":17,"column":1}},"2":{"start":{"line":4,"column":4},"end":{"line":16,"column":6}},"3":{"start":{"line":5,"column":8},"end":{"line":15,"column":14}},"4":{"start":{"line":7,"column":16},"end":{"line":11,"column":17}},"5":{"start":{"line":8,"column":20},"end":{"line":8,"column":38}},"6":{"start":{"line":10,"column":20},"end":{"line":10,"column":50}},"7":{"start":{"line":14,"column":16},"end":{"line":14,"column":30}},"8":{"start":{"line":20,"column":0},"end":{"line":36,"column":1}},"9":{"start":{"line":22,"column":4},"end":{"line":35,"column":6}},"10":{"start":{"line":23,"column":8},"end":{"line":34,"column":10}},"11":{"start":{"line":25,"column":12},"end":{"line":30,"column":17}},"12":{"start":{"line":26,"column":16},"end":{"line":26,"column":32}},"13":{"start":{"line":29,"column":16},"end":{"line":29,"column":49}},"14":{"start":{"line":33,"column":12},"end":{"line":33,"column":26}},"15":{"start":{"line":38,"column":0},"end":{"line":54,"column":1}},"16":{"start":{"line":39,"column":4},"end":{"line":52,"column":6}},"17":{"start":{"line":40,"column":28},"end":{"line":40,"column":48}},"18":{"start":{"line":41,"column":8},"end":{"line":51,"column":11}},"19":{"start":{"line":44,"column":12},"end":{"line":47,"column":47}},"20":{"start":{"line":45,"column":16},"end":{"line":45,"column":32}},"21":{"start":{"line":47,"column":16},"end":{"line":47,"column":47}},"22":{"start":{"line":50,"column":12},"end":{"line":50,"column":26}},"23":{"start":{"line":56,"column":0},"end":{"line":70,"column":1}},"24":{"start":{"line":57,"column":4},"end":{"line":68,"column":6}},"25":{"start":{"line":58,"column":8},"end":{"line":67,"column":11}},"26":{"start":{"line":60,"column":12},"end":{"line":63,"column":48}},"27":{"start":{"line":61,"column":16},"end":{"line":61,"column":32}},"28":{"start":{"line":63,"column":16},"end":{"line":63,"column":48}},"29":{"start":{"line":66,"column":12},"end":{"line":66,"column":26}},"30":{"start":{"line":72,"column":0},"end":{"line":86,"column":1}},"31":{"start":{"line":73,"column":4},"end":{"line":84,"column":6}},"32":{"start":{"line":74,"column":8},"end":{"line":83,"column":11}},"33":{"start":{"line":76,"column":12},"end":{"line":79,"column":48}},"34":{"start":{"line":77,"column":16},"end":{"line":77,"column":32}},"35":{"start":{"line":79,"column":16},"end":{"line":79,"column":48}},"36":{"start":{"line":82,"column":12},"end":{"line":82,"column":26}}},"fnMap":{"0":{"name":"(anonymous_0)","decl":{"start":{"line":3,"column":32},"end":{"line":3,"column":33}},"loc":{"start":{"line":3,"column":45},"end":{"line":17,"column":1}},"line":3},"1":{"name":"(anonymous_1)","decl":{"start":{"line":4,"column":23},"end":{"line":4,"column":24}},"loc":{"start":{"line":4,"column":44},"end":{"line":16,"column":5}},"line":4},"2":{"name":"(anonymous_2)","decl":{"start":{"line":6,"column":18},"end":{"line":6,"column":19}},"loc":{"start":{"line":6,"column":30},"end":{"line":12,"column":13}},"line":6},"3":{"name":"(anonymous_3)","decl":{"start":{"line":13,"column":19},"end":{"line":13,"column":20}},"loc":{"start":{"line":13,"column":28},"end":{"line":15,"column":13}},"line":13},"4":{"name":"(anonymous_4)","decl":{"start":{"line":20,"column":32},"end":{"line":20,"column":33}},"loc":{"start":{"line":20,"column":49},"end":{"line":36,"column":1}},"line":20},"5":{"name":"(anonymous_5)","decl":{"start":{"line":22,"column":23},"end":{"line":22,"column":24}},"loc":{"start":{"line":22,"column":44},"end":{"line":35,"column":5}},"line":22},"6":{"name":"(anonymous_6)","decl":{"start":{"line":24,"column":15},"end":{"line":24,"column":16}},"loc":{"start":{"line":24,"column":26},"end":{"line":31,"column":13}},"line":24},"7":{"name":"(anonymous_7)","decl":{"start":{"line":32,"column":16},"end":{"line":32,"column":17}},"loc":{"start":{"line":32,"column":25},"end":{"line":34,"column":9}},"line":32},"8":{"name":"(anonymous_8)","decl":{"start":{"line":38,"column":30},"end":{"line":38,"column":31}},"loc":{"start":{"line":38,"column":50},"end":{"line":54,"column":1}},"line":38},"9":{"name":"(anonymous_9)","decl":{"start":{"line":39,"column":23},"end":{"line":39,"column":24}},"loc":{"start":{"line":39,"column":44},"end":{"line":52,"column":5}},"line":39},"10":{"name":"(anonymous_10)","decl":{"start":{"line":43,"column":14},"end":{"line":43,"column":15}},"loc":{"start":{"line":43,"column":24},"end":{"line":48,"column":9}},"line":43},"11":{"name":"(anonymous_11)","decl":{"start":{"line":49,"column":15},"end":{"line":49,"column":16}},"loc":{"start":{"line":49,"column":24},"end":{"line":51,"column":9}},"line":49},"12":{"name":"(anonymous_12)","decl":{"start":{"line":56,"column":31},"end":{"line":56,"column":32}},"loc":{"start":{"line":56,"column":58},"end":{"line":70,"column":1}},"line":56},"13":{"name":"(anonymous_13)","decl":{"start":{"line":57,"column":23},"end":{"line":57,"column":24}},"loc":{"start":{"line":57,"column":44},"end":{"line":68,"column":5}},"line":57},"14":{"name":"(anonymous_14)","decl":{"start":{"line":59,"column":14},"end":{"line":59,"column":15}},"loc":{"start":{"line":59,"column":25},"end":{"line":64,"column":9}},"line":59},"15":{"name":"(anonymous_15)","decl":{"start":{"line":65,"column":15},"end":{"line":65,"column":16}},"loc":{"start":{"line":65,"column":24},"end":{"line":67,"column":9}},"line":65},"16":{"name":"(anonymous_16)","decl":{"start":{"line":72,"column":31},"end":{"line":72,"column":32}},"loc":{"start":{"line":72,"column":46},"end":{"line":86,"column":1}},"line":72},"17":{"name":"(anonymous_17)","decl":{"start":{"line":73,"column":23},"end":{"line":73,"column":24}},"loc":{"start":{"line":73,"column":44},"end":{"line":84,"column":5}},"line":73},"18":{"name":"(anonymous_18)","decl":{"start":{"line":75,"column":14},"end":{"line":75,"column":15}},"loc":{"start":{"line":75,"column":25},"end":{"line":80,"column":9}},"line":75},"19":{"name":"(anonymous_19)","decl":{"start":{"line":81,"column":15},"end":{"line":81,"column":16}},"loc":{"start":{"line":81,"column":24},"end":{"line":83,"column":9}},"line":81}},"branchMap":{"0":{"loc":{"start":{"line":7,"column":16},"end":{"line":11,"column":17}},"type":"if","locations":[{"start":{"line":7,"column":16},"end":{"line":11,"column":17}},{"start":{"line":7,"column":16},"end":{"line":11,"column":17}}],"line":7},"1":{"loc":{"start":{"line":25,"column":12},"end":{"line":30,"column":17}},"type":"if","locations":[{"start":{"line":25,"column":12},"end":{"line":30,"column":17}},{"start":{"line":25,"column":12},"end":{"line":30,"column":17}}],"line":25},"2":{"loc":{"start":{"line":44,"column":12},"end":{"line":47,"column":47}},"type":"if","locations":[{"start":{"line":44,"column":12},"end":{"line":47,"column":47}},{"start":{"line":44,"column":12},"end":{"line":47,"column":47}}],"line":44},"3":{"loc":{"start":{"line":60,"column":12},"end":{"line":63,"column":48}},"type":"if","locations":[{"start":{"line":60,"column":12},"end":{"line":63,"column":48}},{"start":{"line":60,"column":12},"end":{"line":63,"column":48}}],"line":60},"4":{"loc":{"start":{"line":76,"column":12},"end":{"line":79,"column":48}},"type":"if","locations":[{"start":{"line":76,"column":12},"end":{"line":79,"column":48}},{"start":{"line":76,"column":12},"end":{"line":79,"column":48}}],"line":76}},"s":{"0":2,"1":2,"2":3,"3":3,"4":3,"5":3,"6":0,"7":0,"8":2,"9":4,"10":4,"11":4,"12":2,"13":2,"14":0,"15":2,"16":18,"17":18,"18":18,"19":16,"20":16,"21":0,"22":2,"23":2,"24":4,"25":4,"26":4,"27":2,"28":2,"29":0,"30":2,"31":3,"32":3,"33":3,"34":2,"35":1,"36":0},"f":{"0":3,"1":3,"2":3,"3":0,"4":4,"5":4,"6":4,"7":0,"8":18,"9":18,"10":16,"11":2,"12":4,"13":4,"14":4,"15":0,"16":3,"17":3,"18":3,"19":0},"b":{"0":[3,0],"1":[2,2],"2":[16,0],"3":[2,2],"4":[2,1]},"_coverageSchema":"1a1c01bbd47fc00a2c39e90264f33305004495a9","hash":"a9f9f4e6da8b793262a4a146277df9873bf8a2a9"}
,"/home/fernanda/projetosEstudo/apiUsuarios/models/Usuario.js": {"path":"/home/fernanda/projetosEstudo/apiUsuarios/models/Usuario.js","statementMap":{"0":{"start":{"line":2,"column":17},"end":{"line":2,"column":36}},"1":{"start":{"line":3,"column":19},"end":{"line":3,"column":27}},"2":{"start":{"line":5,"column":22},"end":{"line":68,"column":2}},"3":{"start":{"line":70,"column":0},"end":{"line":70,"column":60}}},"fnMap":{},"branchMap":{},"s":{"0":2,"1":2,"2":2,"3":2},"f":{},"b":{},"_coverageSchema":"1a1c01bbd47fc00a2c39e90264f33305004495a9","hash":"70e4f65ed63b58dd745dca279b1c3d65add6499c"}
,"/home/fernanda/projetosEstudo/apiUsuarios/routes/usuario.js": {"path":"/home/fernanda/projetosEstudo/apiUsuarios/routes/usuario.js","statementMap":{"0":{"start":{"line":1,"column":16},"end":{"line":1,"column":34}},"1":{"start":{"line":2,"column":15},"end":{"line":2,"column":31}},"2":{"start":{"line":3,"column":20},"end":{"line":3,"column":53}},"3":{"start":{"line":4,"column":26},"end":{"line":4,"column":65}},"4":{"start":{"line":5,"column":18},"end":{"line":5,"column":42}},"5":{"start":{"line":6,"column":16},"end":{"line":6,"column":44}},"6":{"start":{"line":9,"column":0},"end":{"line":19,"column":3}},"7":{"start":{"line":10,"column":2},"end":{"line":18,"column":3}},"8":{"start":{"line":11,"column":4},"end":{"line":14,"column":8}},"9":{"start":{"line":13,"column":8},"end":{"line":13,"column":39}},"10":{"start":{"line":17,"column":4},"end":{"line":17,"column":43}},"11":{"start":{"line":22,"column":0},"end":{"line":36,"column":3}},"12":{"start":{"line":24,"column":2},"end":{"line":35,"column":3}},"13":{"start":{"line":25,"column":4},"end":{"line":32,"column":5}},"14":{"start":{"line":26,"column":6},"end":{"line":29,"column":8}},"15":{"start":{"line":28,"column":8},"end":{"line":28,"column":38}},"16":{"start":{"line":31,"column":6},"end":{"line":31,"column":59}},"17":{"start":{"line":34,"column":6},"end":{"line":34,"column":45}},"18":{"start":{"line":39,"column":0},"end":{"line":50,"column":3}},"19":{"start":{"line":40,"column":2},"end":{"line":49,"column":3}},"20":{"start":{"line":41,"column":25},"end":{"line":41,"column":66}},"21":{"start":{"line":42,"column":25},"end":{"line":42,"column":46}},"22":{"start":{"line":43,"column":5},"end":{"line":46,"column":8}},"23":{"start":{"line":45,"column":8},"end":{"line":45,"column":38}},"24":{"start":{"line":48,"column":6},"end":{"line":48,"column":45}},"25":{"start":{"line":53,"column":0},"end":{"line":66,"column":3}},"26":{"start":{"line":54,"column":2},"end":{"line":65,"column":3}},"27":{"start":{"line":55,"column":26},"end":{"line":55,"column":73}},"28":{"start":{"line":56,"column":25},"end":{"line":56,"column":33}},"29":{"start":{"line":57,"column":6},"end":{"line":62,"column":8}},"30":{"start":{"line":59,"column":8},"end":{"line":59,"column":38}},"31":{"start":{"line":61,"column":8},"end":{"line":61,"column":36}},"32":{"start":{"line":64,"column":6},"end":{"line":64,"column":45}},"33":{"start":{"line":69,"column":0},"end":{"line":84,"column":3}},"34":{"start":{"line":70,"column":2},"end":{"line":83,"column":3}},"35":{"start":{"line":72,"column":8},"end":{"line":78,"column":8}},"36":{"start":{"line":74,"column":8},"end":{"line":74,"column":38}},"37":{"start":{"line":77,"column":8},"end":{"line":77,"column":36}},"38":{"start":{"line":82,"column":6},"end":{"line":82,"column":45}},"39":{"start":{"line":87,"column":0},"end":{"line":87,"column":24}}},"fnMap":{"0":{"name":"(anonymous_0)","decl":{"start":{"line":9,"column":16},"end":{"line":9,"column":17}},"loc":{"start":{"line":9,"column":36},"end":{"line":19,"column":1}},"line":9},"1":{"name":"(anonymous_1)","decl":{"start":{"line":12,"column":12},"end":{"line":12,"column":13}},"loc":{"start":{"line":12,"column":26},"end":{"line":14,"column":7}},"line":12},"2":{"name":"(anonymous_2)","decl":{"start":{"line":22,"column":23},"end":{"line":22,"column":24}},"loc":{"start":{"line":22,"column":43},"end":{"line":36,"column":1}},"line":22},"3":{"name":"(anonymous_3)","decl":{"start":{"line":27,"column":12},"end":{"line":27,"column":13}},"loc":{"start":{"line":27,"column":25},"end":{"line":29,"column":7}},"line":27},"4":{"name":"(anonymous_4)","decl":{"start":{"line":39,"column":21},"end":{"line":39,"column":22}},"loc":{"start":{"line":39,"column":41},"end":{"line":50,"column":1}},"line":39},"5":{"name":"(anonymous_5)","decl":{"start":{"line":44,"column":12},"end":{"line":44,"column":13}},"loc":{"start":{"line":44,"column":25},"end":{"line":46,"column":7}},"line":44},"6":{"name":"(anonymous_6)","decl":{"start":{"line":53,"column":26},"end":{"line":53,"column":27}},"loc":{"start":{"line":53,"column":46},"end":{"line":66,"column":1}},"line":53},"7":{"name":"(anonymous_7)","decl":{"start":{"line":58,"column":12},"end":{"line":58,"column":13}},"loc":{"start":{"line":58,"column":25},"end":{"line":60,"column":7}},"line":58},"8":{"name":"(anonymous_8)","decl":{"start":{"line":60,"column":15},"end":{"line":60,"column":16}},"loc":{"start":{"line":60,"column":24},"end":{"line":62,"column":7}},"line":60},"9":{"name":"(anonymous_9)","decl":{"start":{"line":69,"column":29},"end":{"line":69,"column":30}},"loc":{"start":{"line":69,"column":49},"end":{"line":84,"column":1}},"line":69},"10":{"name":"(anonymous_10)","decl":{"start":{"line":73,"column":12},"end":{"line":73,"column":13}},"loc":{"start":{"line":73,"column":25},"end":{"line":75,"column":7}},"line":73},"11":{"name":"(anonymous_11)","decl":{"start":{"line":76,"column":13},"end":{"line":76,"column":14}},"loc":{"start":{"line":76,"column":22},"end":{"line":78,"column":7}},"line":76}},"branchMap":{"0":{"loc":{"start":{"line":25,"column":4},"end":{"line":32,"column":5}},"type":"if","locations":[{"start":{"line":25,"column":4},"end":{"line":32,"column":5}},{"start":{"line":25,"column":4},"end":{"line":32,"column":5}}],"line":25}},"s":{"0":1,"1":1,"2":1,"3":1,"4":1,"5":1,"6":1,"7":1,"8":1,"9":1,"10":0,"11":1,"12":3,"13":3,"14":2,"15":1,"16":1,"17":1,"18":1,"19":3,"20":3,"21":1,"22":1,"23":1,"24":2,"25":1,"26":3,"27":3,"28":2,"29":2,"30":1,"31":1,"32":1,"33":1,"34":1,"35":1,"36":1,"37":0,"38":0,"39":1},"f":{"0":1,"1":1,"2":3,"3":1,"4":3,"5":1,"6":3,"7":1,"8":1,"9":1,"10":1,"11":0},"b":{"0":[2,1]},"_coverageSchema":"1a1c01bbd47fc00a2c39e90264f33305004495a9","hash":"ac5d96c6a60cbc9b5fe0151490310ae59b364198"}
,"/home/fernanda/projetosEstudo/apiUsuarios/schemas/inputSchema.js": {"path":"/home/fernanda/projetosEstudo/apiUsuarios/schemas/inputSchema.js","statementMap":{"0":{"start":{"line":1,"column":12},"end":{"line":1,"column":26}},"1":{"start":{"line":3,"column":0},"end":{"line":24,"column":3}}},"fnMap":{},"branchMap":{},"s":{"0":1,"1":1},"f":{},"b":{},"_coverageSchema":"1a1c01bbd47fc00a2c39e90264f33305004495a9","hash":"3482c7c906b2c7a719731ed000f080a7ee5e6d81"}
,"/home/fernanda/projetosEstudo/apiUsuarios/schemas/inputSchemaUpdate.js": {"path":"/home/fernanda/projetosEstudo/apiUsuarios/schemas/inputSchemaUpdate.js","statementMap":{"0":{"start":{"line":1,"column":12},"end":{"line":1,"column":26}},"1":{"start":{"line":3,"column":0},"end":{"line":24,"column":10}}},"fnMap":{},"branchMap":{},"s":{"0":1,"1":1},"f":{},"b":{},"_coverageSchema":"1a1c01bbd47fc00a2c39e90264f33305004495a9","hash":"4b29d337f517283ebe1995bfe9ecac420cd75967"}
}
