TN:
SF:app.js
FNF:0
FNH:0
DA:1,1
DA:2,1
DA:3,1
DA:5,1
DA:7,1
DA:8,1
DA:11,1
DA:13,1
DA:15,1
LF:9
LH:9
BRF:0
BRH:0
end_of_record
TN:
SF:db/db.js
FN:5,create
FN:12,(anonymous_1)
FN:20,(anonymous_2)
FN:23,(anonymous_3)
FN:30,(anonymous_4)
FN:36,(anonymous_5)
FNF:6
FNH:5
FNDA:2,create
FNDA:2,(anonymous_1)
FNDA:2,(anonymous_2)
FNDA:0,(anonymous_3)
FNDA:1,(anonymous_4)
FNDA:14,(anonymous_5)
DA:1,2
DA:2,2
DA:6,2
DA:7,2
DA:10,2
DA:12,2
DA:13,2
DA:14,2
DA:15,2
DA:21,2
DA:24,0
DA:30,2
DA:31,1
DA:32,1
DA:33,1
DA:36,2
DA:37,14
DA:38,14
DA:39,14
DA:40,14
LF:20
LH:19
BRF:0
BRH:0
end_of_record
TN:
SF:db/usuario.js
FN:3,(anonymous_0)
FN:4,(anonymous_1)
FN:6,(anonymous_2)
FN:13,(anonymous_3)
FN:20,(anonymous_4)
FN:22,(anonymous_5)
FN:24,(anonymous_6)
FN:32,(anonymous_7)
FN:38,(anonymous_8)
FN:39,(anonymous_9)
FN:43,(anonymous_10)
FN:49,(anonymous_11)
FN:56,(anonymous_12)
FN:57,(anonymous_13)
FN:59,(anonymous_14)
FN:65,(anonymous_15)
FN:72,(anonymous_16)
FN:73,(anonymous_17)
FN:75,(anonymous_18)
FN:81,(anonymous_19)
FNF:20
FNH:16
FNDA:3,(anonymous_0)
FNDA:3,(anonymous_1)
FNDA:3,(anonymous_2)
FNDA:0,(anonymous_3)
FNDA:4,(anonymous_4)
FNDA:4,(anonymous_5)
FNDA:4,(anonymous_6)
FNDA:0,(anonymous_7)
FNDA:18,(anonymous_8)
FNDA:18,(anonymous_9)
FNDA:16,(anonymous_10)
FNDA:2,(anonymous_11)
FNDA:4,(anonymous_12)
FNDA:4,(anonymous_13)
FNDA:4,(anonymous_14)
FNDA:0,(anonymous_15)
FNDA:3,(anonymous_16)
FNDA:3,(anonymous_17)
FNDA:3,(anonymous_18)
FNDA:0,(anonymous_19)
DA:1,2
DA:3,2
DA:4,3
DA:5,3
DA:7,3
DA:8,3
DA:10,0
DA:14,0
DA:20,2
DA:22,4
DA:23,4
DA:25,4
DA:26,2
DA:29,2
DA:33,0
DA:38,2
DA:39,18
DA:40,18
DA:41,18
DA:44,16
DA:45,16
DA:47,0
DA:50,2
DA:56,2
DA:57,4
DA:58,4
DA:60,4
DA:61,2
DA:63,2
DA:66,0
DA:72,2
DA:73,3
DA:74,3
DA:76,3
DA:77,2
DA:79,1
DA:82,0
LF:37
LH:31
BRDA:7,0,0,3
BRDA:7,0,1,0
BRDA:25,1,0,2
BRDA:25,1,1,2
BRDA:44,2,0,16
BRDA:44,2,1,0
BRDA:60,3,0,2
BRDA:60,3,1,2
BRDA:76,4,0,2
BRDA:76,4,1,1
BRF:10
BRH:8
end_of_record
TN:
SF:models/Usuario.js
FNF:0
FNH:0
DA:2,2
DA:3,2
DA:5,2
DA:70,2
LF:4
LH:4
BRF:0
BRH:0
end_of_record
TN:
SF:routes/usuario.js
FN:9,(anonymous_0)
FN:12,(anonymous_1)
FN:22,(anonymous_2)
FN:27,(anonymous_3)
FN:39,(anonymous_4)
FN:44,(anonymous_5)
FN:53,(anonymous_6)
FN:58,(anonymous_7)
FN:60,(anonymous_8)
FN:69,(anonymous_9)
FN:73,(anonymous_10)
FN:76,(anonymous_11)
FNF:12
FNH:11
FNDA:1,(anonymous_0)
FNDA:1,(anonymous_1)
FNDA:3,(anonymous_2)
FNDA:1,(anonymous_3)
FNDA:3,(anonymous_4)
FNDA:1,(anonymous_5)
FNDA:3,(anonymous_6)
FNDA:1,(anonymous_7)
FNDA:1,(anonymous_8)
FNDA:1,(anonymous_9)
FNDA:1,(anonymous_10)
FNDA:0,(anonymous_11)
DA:1,1
DA:2,1
DA:3,1
DA:4,1
DA:5,1
DA:6,1
DA:9,1
DA:10,1
DA:11,1
DA:13,1
DA:17,0
DA:22,1
DA:24,3
DA:25,3
DA:26,2
DA:28,1
DA:31,1
DA:34,1
DA:39,1
DA:40,3
DA:41,3
DA:42,1
DA:43,1
DA:45,1
DA:48,2
DA:53,1
DA:54,3
DA:55,3
DA:56,2
DA:57,2
DA:59,1
DA:61,1
DA:64,1
DA:69,1
DA:70,1
DA:72,1
DA:74,1
DA:77,0
DA:82,0
DA:87,1
LF:40
LH:37
BRDA:25,0,0,2
BRDA:25,0,1,1
BRF:2
BRH:2
end_of_record
TN:
SF:schemas/inputSchema.js
FNF:0
FNH:0
DA:1,1
DA:3,1
LF:2
LH:2
BRF:0
BRH:0
end_of_record
TN:
SF:schemas/inputSchemaUpdate.js
FNF:0
FNH:0
DA:1,1
DA:3,1
LF:2
LH:2
BRF:0
BRH:0
end_of_record
